<?xml version="1.0" encoding="UTF-8"?>
<testsuite xmlns:xsi="http://www.w3.org/2001/XMLSchema-instance" xsi:noNamespaceSchemaLocation="https://maven.apache.org/surefire/maven-surefire-plugin/xsd/surefire-test-report-3.0.xsd" version="3.0" name="com.hrms.runners.APIRunner" time="7.663" tests="2" errors="0" skipped="0" failures="0">
  <properties>
    <property name="gopherProxySet" value="false"/>
    <property name="awt.toolkit" value="sun.lwawt.macosx.LWCToolkit"/>
    <property name="file.encoding.pkg" value="sun.io"/>
    <property name="java.specification.version" value="1.8"/>
    <property name="sun.cpu.isalist" value=""/>
    <property name="sun.jnu.encoding" value="UTF-8"/>
    <property name="java.class.path" value="/Users/musaozdemir/Desktop/Eclipse-workspace/CucumberFrameWork/target/test-classes:/Users/musaozdemir/Desktop/Eclipse-workspace/CucumberFrameWork/target/classes:/Users/musaozdemir/.m2/repository/io/cucumber/cucumber-junit/5.7.0/cucumber-junit-5.7.0.jar:/Users/musaozdemir/.m2/repository/org/apiguardian/apiguardian-api/1.1.0/apiguardian-api-1.1.0.jar:/Users/musaozdemir/.m2/repository/io/cucumber/cucumber-core/5.7.0/cucumber-core-5.7.0.jar:/Users/musaozdemir/.m2/repository/io/cucumber/cucumber-gherkin/5.7.0/cucumber-gherkin-5.7.0.jar:/Users/musaozdemir/.m2/repository/io/cucumber/cucumber-gherkin-vintage/5.7.0/cucumber-gherkin-vintage-5.7.0.jar:/Users/musaozdemir/.m2/repository/io/cucumber/tag-expressions/2.0.4/tag-expressions-2.0.4.jar:/Users/musaozdemir/.m2/repository/io/cucumber/cucumber-expressions/8.3.1/cucumber-expressions-8.3.1.jar:/Users/musaozdemir/.m2/repository/io/cucumber/datatable/3.3.1/datatable-3.3.1.jar:/Users/musaozdemir/.m2/repository/io/cucumber/cucumber-plugin/5.7.0/cucumber-plugin-5.7.0.jar:/Users/musaozdemir/.m2/repository/io/cucumber/docstring/5.7.0/docstring-5.7.0.jar:/Users/musaozdemir/.m2/repository/junit/junit/4.13/junit-4.13.jar:/Users/musaozdemir/.m2/repository/org/hamcrest/hamcrest-core/1.3/hamcrest-core-1.3.jar:/Users/musaozdemir/.m2/repository/io/cucumber/cucumber-java/5.7.0/cucumber-java-5.7.0.jar:/Users/musaozdemir/.m2/repository/io/github/bonigarcia/webdrivermanager/3.8.1/webdrivermanager-3.8.1.jar:/Users/musaozdemir/.m2/repository/org/slf4j/slf4j-api/1.7.25/slf4j-api-1.7.25.jar:/Users/musaozdemir/.m2/repository/com/google/code/gson/gson/2.8.5/gson-2.8.5.jar:/Users/musaozdemir/.m2/repository/org/apache/commons/commons-lang3/3.8.1/commons-lang3-3.8.1.jar:/Users/musaozdemir/.m2/repository/org/apache/httpcomponents/httpclient/4.5.6/httpclient-4.5.6.jar:/Users/musaozdemir/.m2/repository/org/apache/httpcomponents/httpcore/4.4.10/httpcore-4.4.10.jar:/Users/musaozdemir/.m2/repository/commons-logging/commons-logging/1.2/commons-logging-1.2.jar:/Users/musaozdemir/.m2/repository/commons-codec/commons-codec/1.10/commons-codec-1.10.jar:/Users/musaozdemir/.m2/repository/org/rauschig/jarchivelib/1.0.0/jarchivelib-1.0.0.jar:/Users/musaozdemir/.m2/repository/org/jsoup/jsoup/1.11.3/jsoup-1.11.3.jar:/Users/musaozdemir/.m2/repository/org/seleniumhq/selenium/selenium-java/3.141.59/selenium-java-3.141.59.jar:/Users/musaozdemir/.m2/repository/org/seleniumhq/selenium/selenium-api/3.141.59/selenium-api-3.141.59.jar:/Users/musaozdemir/.m2/repository/org/seleniumhq/selenium/selenium-chrome-driver/3.141.59/selenium-chrome-driver-3.141.59.jar:/Users/musaozdemir/.m2/repository/org/seleniumhq/selenium/selenium-edge-driver/3.141.59/selenium-edge-driver-3.141.59.jar:/Users/musaozdemir/.m2/repository/org/seleniumhq/selenium/selenium-firefox-driver/3.141.59/selenium-firefox-driver-3.141.59.jar:/Users/musaozdemir/.m2/repository/org/seleniumhq/selenium/selenium-ie-driver/3.141.59/selenium-ie-driver-3.141.59.jar:/Users/musaozdemir/.m2/repository/org/seleniumhq/selenium/selenium-opera-driver/3.141.59/selenium-opera-driver-3.141.59.jar:/Users/musaozdemir/.m2/repository/org/seleniumhq/selenium/selenium-remote-driver/3.141.59/selenium-remote-driver-3.141.59.jar:/Users/musaozdemir/.m2/repository/org/seleniumhq/selenium/selenium-safari-driver/3.141.59/selenium-safari-driver-3.141.59.jar:/Users/musaozdemir/.m2/repository/org/seleniumhq/selenium/selenium-support/3.141.59/selenium-support-3.141.59.jar:/Users/musaozdemir/.m2/repository/net/bytebuddy/byte-buddy/1.8.15/byte-buddy-1.8.15.jar:/Users/musaozdemir/.m2/repository/org/apache/commons/commons-exec/1.3/commons-exec-1.3.jar:/Users/musaozdemir/.m2/repository/com/google/guava/guava/25.0-jre/guava-25.0-jre.jar:/Users/musaozdemir/.m2/repository/com/google/code/findbugs/jsr305/1.3.9/jsr305-1.3.9.jar:/Users/musaozdemir/.m2/repository/org/checkerframework/checker-compat-qual/2.0.0/checker-compat-qual-2.0.0.jar:/Users/musaozdemir/.m2/repository/com/google/errorprone/error_prone_annotations/2.1.3/error_prone_annotations-2.1.3.jar:/Users/musaozdemir/.m2/repository/com/google/j2objc/j2objc-annotations/1.1/j2objc-annotations-1.1.jar:/Users/musaozdemir/.m2/repository/org/codehaus/mojo/animal-sniffer-annotations/1.14/animal-sniffer-annotations-1.14.jar:/Users/musaozdemir/.m2/repository/com/squareup/okhttp3/okhttp/3.11.0/okhttp-3.11.0.jar:/Users/musaozdemir/.m2/repository/com/squareup/okio/okio/1.14.0/okio-1.14.0.jar:/Users/musaozdemir/.m2/repository/commons-io/commons-io/2.7/commons-io-2.7.jar:/Users/musaozdemir/.m2/repository/org/apache/poi/poi-ooxml/4.1.2/poi-ooxml-4.1.2.jar:/Users/musaozdemir/.m2/repository/org/apache/poi/poi/4.1.2/poi-4.1.2.jar:/Users/musaozdemir/.m2/repository/org/apache/commons/commons-collections4/4.4/commons-collections4-4.4.jar:/Users/musaozdemir/.m2/repository/org/apache/commons/commons-math3/3.6.1/commons-math3-3.6.1.jar:/Users/musaozdemir/.m2/repository/com/zaxxer/SparseBitSet/1.2/SparseBitSet-1.2.jar:/Users/musaozdemir/.m2/repository/org/apache/poi/poi-ooxml-schemas/4.1.2/poi-ooxml-schemas-4.1.2.jar:/Users/musaozdemir/.m2/repository/org/apache/xmlbeans/xmlbeans/3.1.0/xmlbeans-3.1.0.jar:/Users/musaozdemir/.m2/repository/org/apache/commons/commons-compress/1.19/commons-compress-1.19.jar:/Users/musaozdemir/.m2/repository/com/github/virtuald/curvesapi/1.06/curvesapi-1.06.jar:/Users/musaozdemir/.m2/repository/mysql/mysql-connector-java/8.0.20/mysql-connector-java-8.0.20.jar:/Users/musaozdemir/.m2/repository/com/google/protobuf/protobuf-java/3.6.1/protobuf-java-3.6.1.jar:/Users/musaozdemir/.m2/repository/io/rest-assured/rest-assured/4.3.1/rest-assured-4.3.1.jar:/Users/musaozdemir/.m2/repository/org/codehaus/groovy/groovy/3.0.3/groovy-3.0.3.jar:/Users/musaozdemir/.m2/repository/org/codehaus/groovy/groovy-xml/3.0.3/groovy-xml-3.0.3.jar:/Users/musaozdemir/.m2/repository/org/apache/httpcomponents/httpmime/4.5.3/httpmime-4.5.3.jar:/Users/musaozdemir/.m2/repository/org/hamcrest/hamcrest/2.1/hamcrest-2.1.jar:/Users/musaozdemir/.m2/repository/org/ccil/cowan/tagsoup/tagsoup/1.2.1/tagsoup-1.2.1.jar:/Users/musaozdemir/.m2/repository/io/rest-assured/json-path/4.3.1/json-path-4.3.1.jar:/Users/musaozdemir/.m2/repository/org/codehaus/groovy/groovy-json/3.0.3/groovy-json-3.0.3.jar:/Users/musaozdemir/.m2/repository/io/rest-assured/rest-assured-common/4.3.1/rest-assured-common-4.3.1.jar:/Users/musaozdemir/.m2/repository/io/rest-assured/xml-path/4.3.1/xml-path-4.3.1.jar:/Users/musaozdemir/.m2/repository/jakarta/xml/bind/jakarta.xml.bind-api/2.3.3/jakarta.xml.bind-api-2.3.3.jar:/Users/musaozdemir/.m2/repository/jakarta/activation/jakarta.activation-api/1.2.2/jakarta.activation-api-1.2.2.jar:/Users/musaozdemir/.m2/repository/com/sun/xml/bind/jaxb-impl/2.3.3/jaxb-impl-2.3.3.jar:/Users/musaozdemir/.m2/repository/org/json/json/20160810/json-20160810.jar:"/>
    <property name="java.vm.vendor" value="Oracle Corporation"/>
    <property name="sun.arch.data.model" value="64"/>
    <property name="java.vendor.url" value="http://java.oracle.com/"/>
    <property name="user.timezone" value=""/>
    <property name="java.vm.specification.version" value="1.8"/>
    <property name="os.name" value="Mac OS X"/>
    <property name="user.country" value="ZA"/>
    <property name="sun.java.launcher" value="SUN_STANDARD"/>
    <property name="sun.boot.library.path" value="/Library/Java/JavaVirtualMachines/jdk1.8.0_251.jdk/Contents/Home/jre/lib"/>
    <property name="sun.java.command" value="/Users/musaozdemir/Desktop/Eclipse-workspace/CucumberFrameWork/target/surefire/surefirebooter8856516242879315229.jar /Users/musaozdemir/Desktop/Eclipse-workspace/CucumberFrameWork/target/surefire 2020-10-31T14-56-55_089-jvmRun1 surefire7295306550333029537tmp surefire_02369133100948132005tmp"/>
    <property name="http.nonProxyHosts" value="local|*.local|169.254/16|*.169.254/16"/>
    <property name="surefire.test.class.path" value="/Users/musaozdemir/Desktop/Eclipse-workspace/CucumberFrameWork/target/test-classes:/Users/musaozdemir/Desktop/Eclipse-workspace/CucumberFrameWork/target/classes:/Users/musaozdemir/.m2/repository/io/cucumber/cucumber-junit/5.7.0/cucumber-junit-5.7.0.jar:/Users/musaozdemir/.m2/repository/org/apiguardian/apiguardian-api/1.1.0/apiguardian-api-1.1.0.jar:/Users/musaozdemir/.m2/repository/io/cucumber/cucumber-core/5.7.0/cucumber-core-5.7.0.jar:/Users/musaozdemir/.m2/repository/io/cucumber/cucumber-gherkin/5.7.0/cucumber-gherkin-5.7.0.jar:/Users/musaozdemir/.m2/repository/io/cucumber/cucumber-gherkin-vintage/5.7.0/cucumber-gherkin-vintage-5.7.0.jar:/Users/musaozdemir/.m2/repository/io/cucumber/tag-expressions/2.0.4/tag-expressions-2.0.4.jar:/Users/musaozdemir/.m2/repository/io/cucumber/cucumber-expressions/8.3.1/cucumber-expressions-8.3.1.jar:/Users/musaozdemir/.m2/repository/io/cucumber/datatable/3.3.1/datatable-3.3.1.jar:/Users/musaozdemir/.m2/repository/io/cucumber/cucumber-plugin/5.7.0/cucumber-plugin-5.7.0.jar:/Users/musaozdemir/.m2/repository/io/cucumber/docstring/5.7.0/docstring-5.7.0.jar:/Users/musaozdemir/.m2/repository/junit/junit/4.13/junit-4.13.jar:/Users/musaozdemir/.m2/repository/org/hamcrest/hamcrest-core/1.3/hamcrest-core-1.3.jar:/Users/musaozdemir/.m2/repository/io/cucumber/cucumber-java/5.7.0/cucumber-java-5.7.0.jar:/Users/musaozdemir/.m2/repository/io/github/bonigarcia/webdrivermanager/3.8.1/webdrivermanager-3.8.1.jar:/Users/musaozdemir/.m2/repository/org/slf4j/slf4j-api/1.7.25/slf4j-api-1.7.25.jar:/Users/musaozdemir/.m2/repository/com/google/code/gson/gson/2.8.5/gson-2.8.5.jar:/Users/musaozdemir/.m2/repository/org/apache/commons/commons-lang3/3.8.1/commons-lang3-3.8.1.jar:/Users/musaozdemir/.m2/repository/org/apache/httpcomponents/httpclient/4.5.6/httpclient-4.5.6.jar:/Users/musaozdemir/.m2/repository/org/apache/httpcomponents/httpcore/4.4.10/httpcore-4.4.10.jar:/Users/musaozdemir/.m2/repository/commons-logging/commons-logging/1.2/commons-logging-1.2.jar:/Users/musaozdemir/.m2/repository/commons-codec/commons-codec/1.10/commons-codec-1.10.jar:/Users/musaozdemir/.m2/repository/org/rauschig/jarchivelib/1.0.0/jarchivelib-1.0.0.jar:/Users/musaozdemir/.m2/repository/org/jsoup/jsoup/1.11.3/jsoup-1.11.3.jar:/Users/musaozdemir/.m2/repository/org/seleniumhq/selenium/selenium-java/3.141.59/selenium-java-3.141.59.jar:/Users/musaozdemir/.m2/repository/org/seleniumhq/selenium/selenium-api/3.141.59/selenium-api-3.141.59.jar:/Users/musaozdemir/.m2/repository/org/seleniumhq/selenium/selenium-chrome-driver/3.141.59/selenium-chrome-driver-3.141.59.jar:/Users/musaozdemir/.m2/repository/org/seleniumhq/selenium/selenium-edge-driver/3.141.59/selenium-edge-driver-3.141.59.jar:/Users/musaozdemir/.m2/repository/org/seleniumhq/selenium/selenium-firefox-driver/3.141.59/selenium-firefox-driver-3.141.59.jar:/Users/musaozdemir/.m2/repository/org/seleniumhq/selenium/selenium-ie-driver/3.141.59/selenium-ie-driver-3.141.59.jar:/Users/musaozdemir/.m2/repository/org/seleniumhq/selenium/selenium-opera-driver/3.141.59/selenium-opera-driver-3.141.59.jar:/Users/musaozdemir/.m2/repository/org/seleniumhq/selenium/selenium-remote-driver/3.141.59/selenium-remote-driver-3.141.59.jar:/Users/musaozdemir/.m2/repository/org/seleniumhq/selenium/selenium-safari-driver/3.141.59/selenium-safari-driver-3.141.59.jar:/Users/musaozdemir/.m2/repository/org/seleniumhq/selenium/selenium-support/3.141.59/selenium-support-3.141.59.jar:/Users/musaozdemir/.m2/repository/net/bytebuddy/byte-buddy/1.8.15/byte-buddy-1.8.15.jar:/Users/musaozdemir/.m2/repository/org/apache/commons/commons-exec/1.3/commons-exec-1.3.jar:/Users/musaozdemir/.m2/repository/com/google/guava/guava/25.0-jre/guava-25.0-jre.jar:/Users/musaozdemir/.m2/repository/com/google/code/findbugs/jsr305/1.3.9/jsr305-1.3.9.jar:/Users/musaozdemir/.m2/repository/org/checkerframework/checker-compat-qual/2.0.0/checker-compat-qual-2.0.0.jar:/Users/musaozdemir/.m2/repository/com/google/errorprone/error_prone_annotations/2.1.3/error_prone_annotations-2.1.3.jar:/Users/musaozdemir/.m2/repository/com/google/j2objc/j2objc-annotations/1.1/j2objc-annotations-1.1.jar:/Users/musaozdemir/.m2/repository/org/codehaus/mojo/animal-sniffer-annotations/1.14/animal-sniffer-annotations-1.14.jar:/Users/musaozdemir/.m2/repository/com/squareup/okhttp3/okhttp/3.11.0/okhttp-3.11.0.jar:/Users/musaozdemir/.m2/repository/com/squareup/okio/okio/1.14.0/okio-1.14.0.jar:/Users/musaozdemir/.m2/repository/commons-io/commons-io/2.7/commons-io-2.7.jar:/Users/musaozdemir/.m2/repository/org/apache/poi/poi-ooxml/4.1.2/poi-ooxml-4.1.2.jar:/Users/musaozdemir/.m2/repository/org/apache/poi/poi/4.1.2/poi-4.1.2.jar:/Users/musaozdemir/.m2/repository/org/apache/commons/commons-collections4/4.4/commons-collections4-4.4.jar:/Users/musaozdemir/.m2/repository/org/apache/commons/commons-math3/3.6.1/commons-math3-3.6.1.jar:/Users/musaozdemir/.m2/repository/com/zaxxer/SparseBitSet/1.2/SparseBitSet-1.2.jar:/Users/musaozdemir/.m2/repository/org/apache/poi/poi-ooxml-schemas/4.1.2/poi-ooxml-schemas-4.1.2.jar:/Users/musaozdemir/.m2/repository/org/apache/xmlbeans/xmlbeans/3.1.0/xmlbeans-3.1.0.jar:/Users/musaozdemir/.m2/repository/org/apache/commons/commons-compress/1.19/commons-compress-1.19.jar:/Users/musaozdemir/.m2/repository/com/github/virtuald/curvesapi/1.06/curvesapi-1.06.jar:/Users/musaozdemir/.m2/repository/mysql/mysql-connector-java/8.0.20/mysql-connector-java-8.0.20.jar:/Users/musaozdemir/.m2/repository/com/google/protobuf/protobuf-java/3.6.1/protobuf-java-3.6.1.jar:/Users/musaozdemir/.m2/repository/io/rest-assured/rest-assured/4.3.1/rest-assured-4.3.1.jar:/Users/musaozdemir/.m2/repository/org/codehaus/groovy/groovy/3.0.3/groovy-3.0.3.jar:/Users/musaozdemir/.m2/repository/org/codehaus/groovy/groovy-xml/3.0.3/groovy-xml-3.0.3.jar:/Users/musaozdemir/.m2/repository/org/apache/httpcomponents/httpmime/4.5.3/httpmime-4.5.3.jar:/Users/musaozdemir/.m2/repository/org/hamcrest/hamcrest/2.1/hamcrest-2.1.jar:/Users/musaozdemir/.m2/repository/org/ccil/cowan/tagsoup/tagsoup/1.2.1/tagsoup-1.2.1.jar:/Users/musaozdemir/.m2/repository/io/rest-assured/json-path/4.3.1/json-path-4.3.1.jar:/Users/musaozdemir/.m2/repository/org/codehaus/groovy/groovy-json/3.0.3/groovy-json-3.0.3.jar:/Users/musaozdemir/.m2/repository/io/rest-assured/rest-assured-common/4.3.1/rest-assured-common-4.3.1.jar:/Users/musaozdemir/.m2/repository/io/rest-assured/xml-path/4.3.1/xml-path-4.3.1.jar:/Users/musaozdemir/.m2/repository/jakarta/xml/bind/jakarta.xml.bind-api/2.3.3/jakarta.xml.bind-api-2.3.3.jar:/Users/musaozdemir/.m2/repository/jakarta/activation/jakarta.activation-api/1.2.2/jakarta.activation-api-1.2.2.jar:/Users/musaozdemir/.m2/repository/com/sun/xml/bind/jaxb-impl/2.3.3/jaxb-impl-2.3.3.jar:/Users/musaozdemir/.m2/repository/org/json/json/20160810/json-20160810.jar:"/>
    <property name="sun.cpu.endian" value="little"/>
    <property name="user.home" value="/Users/musaozdemir"/>
    <property name="user.language" value="en"/>
    <property name="java.specification.vendor" value="Oracle Corporation"/>
    <property name="java.home" value="/Library/Java/JavaVirtualMachines/jdk1.8.0_251.jdk/Contents/Home/jre"/>
    <property name="basedir" value="/Users/musaozdemir/Desktop/Eclipse-workspace/CucumberFrameWork"/>
    <property name="file.separator" value="/"/>
    <property name="line.separator" value="&#10;"/>
    <property name="java.vm.specification.vendor" value="Oracle Corporation"/>
    <property name="java.specification.name" value="Java Platform API Specification"/>
    <property name="java.awt.graphicsenv" value="sun.awt.CGraphicsEnvironment"/>
    <property name="surefire.real.class.path" value="/Users/musaozdemir/Desktop/Eclipse-workspace/CucumberFrameWork/target/surefire/surefirebooter8856516242879315229.jar"/>
    <property name="sun.boot.class.path" value="/Library/Java/JavaVirtualMachines/jdk1.8.0_251.jdk/Contents/Home/jre/lib/resources.jar:/Library/Java/JavaVirtualMachines/jdk1.8.0_251.jdk/Contents/Home/jre/lib/rt.jar:/Library/Java/JavaVirtualMachines/jdk1.8.0_251.jdk/Contents/Home/jre/lib/sunrsasign.jar:/Library/Java/JavaVirtualMachines/jdk1.8.0_251.jdk/Contents/Home/jre/lib/jsse.jar:/Library/Java/JavaVirtualMachines/jdk1.8.0_251.jdk/Contents/Home/jre/lib/jce.jar:/Library/Java/JavaVirtualMachines/jdk1.8.0_251.jdk/Contents/Home/jre/lib/charsets.jar:/Library/Java/JavaVirtualMachines/jdk1.8.0_251.jdk/Contents/Home/jre/lib/jfr.jar:/Library/Java/JavaVirtualMachines/jdk1.8.0_251.jdk/Contents/Home/jre/classes"/>
    <property name="sun.management.compiler" value="HotSpot 64-Bit Tiered Compilers"/>
    <property name="ftp.nonProxyHosts" value="local|*.local|169.254/16|*.169.254/16"/>
    <property name="java.runtime.version" value="1.8.0_251-b08"/>
    <property name="user.name" value="musaozdemir"/>
    <property name="path.separator" value=":"/>
    <property name="os.version" value="10.15.6"/>
    <property name="java.endorsed.dirs" value="/Library/Java/JavaVirtualMachines/jdk1.8.0_251.jdk/Contents/Home/jre/lib/endorsed"/>
    <property name="java.runtime.name" value="Java(TM) SE Runtime Environment"/>
    <property name="file.encoding" value="UTF-8"/>
    <property name="java.vm.name" value="Java HotSpot(TM) 64-Bit Server VM"/>
    <property name="localRepository" value="/Users/musaozdemir/.m2/repository"/>
    <property name="java.vendor.url.bug" value="http://bugreport.sun.com/bugreport/"/>
    <property name="java.io.tmpdir" value="/var/folders/4v/62cnb8l94qg0cjyshqlnz5km0000gp/T/"/>
    <property name="java.version" value="1.8.0_251"/>
    <property name="user.dir" value="/Users/musaozdemir/Desktop/Eclipse-workspace/CucumberFrameWork"/>
    <property name="os.arch" value="x86_64"/>
    <property name="java.vm.specification.name" value="Java Virtual Machine Specification"/>
    <property name="java.awt.printerjob" value="sun.lwawt.macosx.CPrinterJob"/>
    <property name="sun.os.patch.level" value="unknown"/>
    <property name="java.library.path" value="/Users/musaozdemir/Library/Java/Extensions:/Library/Java/Extensions:/Network/Library/Java/Extensions:/System/Library/Java/Extensions:/usr/lib/java:."/>
    <property name="java.vm.info" value="mixed mode"/>
    <property name="java.vendor" value="Oracle Corporation"/>
    <property name="java.vm.version" value="25.251-b08"/>
    <property name="java.ext.dirs" value="/Users/musaozdemir/Library/Java/Extensions:/Library/Java/JavaVirtualMachines/jdk1.8.0_251.jdk/Contents/Home/jre/lib/ext:/Library/Java/Extensions:/Network/Library/Java/Extensions:/System/Library/Java/Extensions:/usr/lib/java"/>
    <property name="sun.io.unicode.encoding" value="UnicodeBig"/>
    <property name="java.class.version" value="52.0"/>
    <property name="socksNonProxyHosts" value="local|*.local|169.254/16|*.169.254/16"/>
  </properties>
  <testcase name="Creating an employee" classname="Syntax HRMS API Workflow" time="5.774">
    <system-out><![CDATA[
@APIworkflow
Scenario: Creating an employee                                                                            # src/test/resources/features/APIWorkflow.feature:10
  Given a JWT is generated                                                                                # com.hrms.API.Final.steps.GenerateTokenSteps.a_JWT_is_generated()
  Given a request is prepared to create an employee                                                       # com.hrms.API.Final.steps.APIFinalSteps.a_request_is_prepared_to_create_an_employee()
  When a POST call is made to create an employee                                                          # com.hrms.API.Final.steps.APIFinalSteps.a_POST_call_is_made_to_create_an_employee()
  Then the status code for creating an employee is 201                                                    # com.hrms.API.Final.steps.APIFinalSteps.the_status_code_for_creating_an_employee_is(int)
  And the employee is created contains key "Message" and value "Entry Created"                            # com.hrms.API.Final.steps.APIFinalSteps.the_employee_is_created_contains_key_and_value(java.lang.String,java.lang.String)
  And the employee ID "Employee[0].employee_id" is stored as a global variable to be used for other calls # com.hrms.API.Final.steps.APIFinalSteps.the_employee_ID_is_stored_as_a_global_variable_to_be_used_for_other_calls(java.lang.String)
]]></system-out>
    <system-err><![CDATA[Oct 31, 2020 2:56:57 PM io.cucumber.junit.Cucumber <init>
WARNING: By default Cucumber is running in --non-strict mode.
This default will change to --strict and --non-strict will be removed.
You can use --strict or @CucumberOptions(strict = true) to suppress this warning
]]></system-err>
  </testcase>
  <testcase name="Retrieving created employee" classname="Syntax HRMS API Workflow" time="0.515">
    <system-out><![CDATA[
@APIworkflow
Scenario: Retrieving created employee                                                                                             # src/test/resources/features/APIWorkflow.feature:18
  Given a JWT is generated                                                                                                        # com.hrms.API.Final.steps.GenerateTokenSteps.a_JWT_is_generated()
  Given a request is prepared to retrieve the created employee                                                                    # com.hrms.API.Final.steps.APIFinalSteps.a_request_is_prepared_to_retrieve_the_created_employee()
  When a GET call is made to retrieve the created employee                                                                        # com.hrms.API.Final.steps.APIFinalSteps.a_GET_call_is_made_to_retrieve_the_created_employee()
  Then the status code for retrieving the created employee is 200                                                                 # com.hrms.API.Final.steps.APIFinalSteps.the_status_code_for_retrieving_the_created_employee_is(int)
  And the retrieved employee ID "employee[0].employee_id" matches the globally stored employee ID                                 # com.hrms.API.Final.steps.APIFinalSteps.the_retrieved_employee_ID_matches_the_globally_stored_employee_ID(java.lang.String)
  And And the retrieved data at "employee" matches the data used to create an employee with employee ID "employee[0].employee_id" # com.hrms.API.Final.steps.APIFinalSteps.and_the_retrieved_data_at_matches_the_data_used_to_create_an_employee_with_employee_ID(java.lang.String,java.lang.String,io.cucumber.datatable.DataTable)
]]></system-out>
  </testcase>
</testsuite>